  [1m[35m (1118.1ms)[0m  [1m[35mCREATE DATABASE "journeycast_development" ENCODING = 'unicode'[0m
  [1m[35m (523.5ms)[0m  [1m[35mCREATE DATABASE "journeycast_test" ENCODING = 'unicode'[0m
  [1m[35m (26.1ms)[0m  [1m[35mCREATE TABLE "schema_migrations" ("version" character varying NOT NULL PRIMARY KEY)[0m
  [1m[35m (18.4ms)[0m  [1m[35mCREATE TABLE "ar_internal_metadata" ("key" character varying NOT NULL PRIMARY KEY, "value" character varying, "created_at" timestamp(6) NOT NULL, "updated_at" timestamp(6) NOT NULL)[0m
  [1m[35m (0.6ms)[0m  [1m[34mSELECT pg_try_advisory_lock(6527834866411410405)[0m
  [1m[35m (2.5ms)[0m  [1m[34mSELECT "schema_migrations"."version" FROM "schema_migrations" ORDER BY "schema_migrations"."version" ASC[0m
Migrating to CreateUsers (20210419164240)
  [1m[36mTRANSACTION (0.6ms)[0m  [1m[35mBEGIN[0m
  [1m[35m (19.6ms)[0m  [1m[35mCREATE TABLE "users" ("id" bigserial primary key, "name" character varying, "age" integer, "created_at" timestamp(6) NOT NULL, "updated_at" timestamp(6) NOT NULL)[0m
  [1m[36mActiveRecord::SchemaMigration Create (0.4ms)[0m  [1m[32mINSERT INTO "schema_migrations" ("version") VALUES ($1) RETURNING "version"[0m  [["version", "20210419164240"]]
  [1m[36mTRANSACTION (0.6ms)[0m  [1m[35mCOMMIT[0m
Migrating to CreateLocations (20210419164519)
  [1m[36mTRANSACTION (6.0ms)[0m  [1m[35mBEGIN[0m
  [1m[35m (18.0ms)[0m  [1m[35mCREATE TABLE "locations" ("id" bigserial primary key, "name" character varying, "created_at" timestamp(6) NOT NULL, "updated_at" timestamp(6) NOT NULL)[0m
  [1m[36mActiveRecord::SchemaMigration Create (1.0ms)[0m  [1m[32mINSERT INTO "schema_migrations" ("version") VALUES ($1) RETURNING "version"[0m  [["version", "20210419164519"]]
  [1m[36mTRANSACTION (2.7ms)[0m  [1m[35mCOMMIT[0m
Migrating to CreateVacations (20210419164803)
  [1m[36mTRANSACTION (5.9ms)[0m  [1m[35mBEGIN[0m
  [1m[35m (17.9ms)[0m  [1m[35mCREATE TABLE "vacations" ("id" bigserial primary key, "title" character varying, "date" timestamp, "day" timestamp, "note" character varying, "user_id" integer, "location_id" integer, "created_at" timestamp(6) NOT NULL, "updated_at" timestamp(6) NOT NULL)[0m
  [1m[36mActiveRecord::SchemaMigration Create (0.5ms)[0m  [1m[32mINSERT INTO "schema_migrations" ("version") VALUES ($1) RETURNING "version"[0m  [["version", "20210419164803"]]
  [1m[36mTRANSACTION (2.0ms)[0m  [1m[35mCOMMIT[0m
Migrating to CreateDays (20210419164848)
  [1m[36mTRANSACTION (8.9ms)[0m  [1m[35mBEGIN[0m
  [1m[35m (16.1ms)[0m  [1m[35mCREATE TABLE "days" ("id" bigserial primary key, "name" character varying, "forecast" character varying, "activity" character varying, "vacation_id" integer, "created_at" timestamp(6) NOT NULL, "updated_at" timestamp(6) NOT NULL)[0m
  [1m[36mActiveRecord::SchemaMigration Create (1.0ms)[0m  [1m[32mINSERT INTO "schema_migrations" ("version") VALUES ($1) RETURNING "version"[0m  [["version", "20210419164848"]]
  [1m[36mTRANSACTION (0.4ms)[0m  [1m[35mCOMMIT[0m
  [1m[36mActiveRecord::InternalMetadata Load (3.6ms)[0m  [1m[34mSELECT "ar_internal_metadata".* FROM "ar_internal_metadata" WHERE "ar_internal_metadata"."key" = $1 LIMIT $2[0m  [["key", "environment"], ["LIMIT", 1]]
  [1m[36mTRANSACTION (0.2ms)[0m  [1m[35mBEGIN[0m
  [1m[36mActiveRecord::InternalMetadata Create (0.6ms)[0m  [1m[32mINSERT INTO "ar_internal_metadata" ("key", "value", "created_at", "updated_at") VALUES ($1, $2, $3, $4) RETURNING "key"[0m  [["key", "environment"], ["value", "development"], ["created_at", "2021-04-19 17:35:35.517341"], ["updated_at", "2021-04-19 17:35:35.517341"]]
  [1m[36mTRANSACTION (5.6ms)[0m  [1m[35mCOMMIT[0m
  [1m[35m (0.3ms)[0m  [1m[34mSELECT pg_advisory_unlock(6527834866411410405)[0m
  [1m[35m (3.3ms)[0m  [1m[34mSELECT "schema_migrations"."version" FROM "schema_migrations" ORDER BY "schema_migrations"."version" ASC[0m
  [1m[35m (0.9ms)[0m  [1m[34mSELECT "schema_migrations"."version" FROM "schema_migrations" ORDER BY "schema_migrations"."version" ASC[0m
  [1m[35m (0.5ms)[0m  [1m[34mSELECT "schema_migrations"."version" FROM "schema_migrations" ORDER BY "schema_migrations"."version" ASC[0m
  [1m[35m (4.5ms)[0m  [1m[34mSELECT "schema_migrations"."version" FROM "schema_migrations" ORDER BY "schema_migrations"."version" ASC[0m
  [1m[35m (0.2ms)[0m  [1m[34mSELECT pg_try_advisory_lock(6527834866411410405)[0m
  [1m[35m (0.7ms)[0m  [1m[34mSELECT "schema_migrations"."version" FROM "schema_migrations" ORDER BY "schema_migrations"."version" ASC[0m
  [1m[36mActiveRecord::InternalMetadata Load (5.2ms)[0m  [1m[34mSELECT "ar_internal_metadata".* FROM "ar_internal_metadata" WHERE "ar_internal_metadata"."key" = $1 LIMIT $2[0m  [["key", "environment"], ["LIMIT", 1]]
  [1m[35m (0.2ms)[0m  [1m[34mSELECT pg_advisory_unlock(6527834866411410405)[0m
  [1m[35m (0.8ms)[0m  [1m[34mSELECT "schema_migrations"."version" FROM "schema_migrations" ORDER BY "schema_migrations"."version" ASC[0m
  [1m[35m (0.7ms)[0m  [1m[34mSELECT "schema_migrations"."version" FROM "schema_migrations" ORDER BY "schema_migrations"."version" ASC[0m
  [1m[35m (4.6ms)[0m  [1m[34mSELECT "schema_migrations"."version" FROM "schema_migrations" ORDER BY "schema_migrations"."version" ASC[0m
  [1m[36mTRANSACTION (0.1ms)[0m  [1m[35mBEGIN[0m
  [1m[36mUser Create (8.5ms)[0m  [1m[32mINSERT INTO "users" ("name", "age", "created_at", "updated_at") VALUES ($1, $2, $3, $4) RETURNING "id"[0m  [["name", "Kiesha"], ["age", 93], ["created_at", "2021-04-19 17:39:20.060045"], ["updated_at", "2021-04-19 17:39:20.060045"]]
  [1m[36mTRANSACTION (1.8ms)[0m  [1m[35mCOMMIT[0m
  [1m[36mTRANSACTION (0.1ms)[0m  [1m[35mBEGIN[0m
  [1m[36mUser Create (0.3ms)[0m  [1m[32mINSERT INTO "users" ("name", "age", "created_at", "updated_at") VALUES ($1, $2, $3, $4) RETURNING "id"[0m  [["name", "Lane"], ["age", 64], ["created_at", "2021-04-19 17:39:20.074085"], ["updated_at", "2021-04-19 17:39:20.074085"]]
  [1m[36mTRANSACTION (0.3ms)[0m  [1m[35mCOMMIT[0m
  [1m[36mTRANSACTION (0.1ms)[0m  [1m[35mBEGIN[0m
  [1m[36mLocation Create (15.2ms)[0m  [1m[32mINSERT INTO "locations" ("name", "created_at", "updated_at") VALUES ($1, $2, $3) RETURNING "id"[0m  [["name", "Endor"], ["created_at", "2021-04-19 17:39:20.084262"], ["updated_at", "2021-04-19 17:39:20.084262"]]
  [1m[36mTRANSACTION (4.9ms)[0m  [1m[35mCOMMIT[0m
  [1m[36mTRANSACTION (0.1ms)[0m  [1m[35mBEGIN[0m
  [1m[36mLocation Create (0.3ms)[0m  [1m[32mINSERT INTO "locations" ("name", "created_at", "updated_at") VALUES ($1, $2, $3) RETURNING "id"[0m  [["name", "Mygeeto"], ["created_at", "2021-04-19 17:39:20.107480"], ["updated_at", "2021-04-19 17:39:20.107480"]]
  [1m[36mTRANSACTION (0.3ms)[0m  [1m[35mCOMMIT[0m
  [1m[36mTRANSACTION (0.2ms)[0m  [1m[35mBEGIN[0m
  [1m[36mUser Load (0.3ms)[0m  [1m[34mSELECT "users".* FROM "users" WHERE "users"."id" = $1 LIMIT $2[0m  [["id", 1], ["LIMIT", 1]]
  [1m[36mLocation Load (0.2ms)[0m  [1m[34mSELECT "locations".* FROM "locations" WHERE "locations"."id" = $1 LIMIT $2[0m  [["id", 1], ["LIMIT", 1]]
  [1m[36mVacation Create (3.6ms)[0m  [1m[32mINSERT INTO "vacations" ("title", "date", "note", "user_id", "location_id", "created_at", "updated_at") VALUES ($1, $2, $3, $4, $5, $6, $7) RETURNING "id"[0m  [["title", "A Catskill Eagle"], ["date", "2021-05-30 00:00:00"], ["note", "Two butter croissants of your choice (plain, almond or cheese). With a side of herb butter or house-made hazelnut spread."], ["user_id", 1], ["location_id", 1], ["created_at", "2021-04-19 17:39:20.258827"], ["updated_at", "2021-04-19 17:39:20.258827"]]
  [1m[36mTRANSACTION (0.4ms)[0m  [1m[35mCOMMIT[0m
  [1m[36mTRANSACTION (0.1ms)[0m  [1m[35mBEGIN[0m
  [1m[36mUser Load (0.3ms)[0m  [1m[34mSELECT "users".* FROM "users" WHERE "users"."id" = $1 LIMIT $2[0m  [["id", 1], ["LIMIT", 1]]
  [1m[36mLocation Load (0.2ms)[0m  [1m[34mSELECT "locations".* FROM "locations" WHERE "locations"."id" = $1 LIMIT $2[0m  [["id", 2], ["LIMIT", 1]]
  [1m[36mVacation Create (0.3ms)[0m  [1m[32mINSERT INTO "vacations" ("title", "date", "note", "user_id", "location_id", "created_at", "updated_at") VALUES ($1, $2, $3, $4, $5, $6, $7) RETURNING "id"[0m  [["title", "Edna O'Brien"], ["date", "2021-04-22 00:00:00"], ["note", "Two buttermilk waffles, topped with whipped cream and maple syrup, a side of two eggs served any style, and your choice of smoked bacon or smoked ham."], ["user_id", 1], ["location_id", 2], ["created_at", "2021-04-19 17:39:20.269427"], ["updated_at", "2021-04-19 17:39:20.269427"]]
  [1m[36mTRANSACTION (0.3ms)[0m  [1m[35mCOMMIT[0m
  [1m[36mTRANSACTION (0.2ms)[0m  [1m[35mBEGIN[0m
  [1m[36mVacation Load (0.3ms)[0m  [1m[34mSELECT "vacations".* FROM "vacations" WHERE "vacations"."id" = $1 LIMIT $2[0m  [["id", 1], ["LIMIT", 1]]
  [1m[36mDay Create (10.2ms)[0m  [1m[32mINSERT INTO "days" ("name", "forecast", "activity", "vacation_id", "created_at", "updated_at") VALUES ($1, $2, $3, $4, $5, $6) RETURNING "id"[0m  [["name", "Monday"], ["forecast", "Partly Cloudy but Warm"], ["activity", "Mountain Biking"], ["vacation_id", 1], ["created_at", "2021-04-19 17:39:20.282988"], ["updated_at", "2021-04-19 17:39:20.282988"]]
  [1m[36mTRANSACTION (2.8ms)[0m  [1m[35mCOMMIT[0m
  [1m[36mTRANSACTION (0.1ms)[0m  [1m[35mBEGIN[0m
  [1m[36mVacation Load (0.2ms)[0m  [1m[34mSELECT "vacations".* FROM "vacations" WHERE "vacations"."id" = $1 LIMIT $2[0m  [["id", 2], ["LIMIT", 1]]
  [1m[36mDay Create (0.3ms)[0m  [1m[32mINSERT INTO "days" ("name", "forecast", "activity", "vacation_id", "created_at", "updated_at") VALUES ($1, $2, $3, $4, $5, $6) RETURNING "id"[0m  [["name", "Tuesday"], ["forecast", "Sunny and Humid"], ["activity", "Hiking"], ["vacation_id", 2], ["created_at", "2021-04-19 17:39:20.300547"], ["updated_at", "2021-04-19 17:39:20.300547"]]
  [1m[36mTRANSACTION (0.3ms)[0m  [1m[35mCOMMIT[0m
  [1m[36mUser Load (3.3ms)[0m  [1m[34mSELECT "users".* FROM "users" ORDER BY "users"."id" ASC LIMIT $1[0m  [["LIMIT", 1]]
  [1m[36mUser Load (0.4ms)[0m  [1m[34mSELECT "users".* FROM "users" ORDER BY "users"."id" ASC LIMIT $1[0m  [["LIMIT", 1]]
  [1m[36mVacation Load (5.6ms)[0m  [1m[34mSELECT "vacations".* FROM "vacations" WHERE "vacations"."user_id" = $1 /* loading for inspect */ LIMIT $2[0m  [["user_id", 1], ["LIMIT", 11]]
  [1m[36mLocation Load (3.3ms)[0m  [1m[34mSELECT "locations".* FROM "locations" /* loading for inspect */ LIMIT $1[0m  [["LIMIT", 11]]
  [1m[36mUser Load (0.3ms)[0m  [1m[34mSELECT "users".* FROM "users" ORDER BY "users"."id" ASC LIMIT $1[0m  [["LIMIT", 1]]
  [1m[36mLocation Load (0.5ms)[0m  [1m[34mSELECT "locations".* FROM "locations" INNER JOIN "vacations" ON "locations"."id" = "vacations"."location_id" WHERE "vacations"."user_id" = $1 /* loading for inspect */ LIMIT $2[0m  [["user_id", 1], ["LIMIT", 11]]
  [1m[36mVacation Load (0.2ms)[0m  [1m[34mSELECT "vacations".* FROM "vacations" ORDER BY "vacations"."id" ASC LIMIT $1[0m  [["LIMIT", 1]]
  [1m[36mVacation Load (0.4ms)[0m  [1m[34mSELECT "vacations".* FROM "vacations" ORDER BY "vacations"."id" ASC LIMIT $1[0m  [["LIMIT", 1]]
  [1m[36mDay Load (3.6ms)[0m  [1m[34mSELECT "days".* FROM "days" WHERE "days"."vacation_id" = $1 /* loading for inspect */ LIMIT $2[0m  [["vacation_id", 1], ["LIMIT", 11]]
  [1m[36mLocation Load (0.2ms)[0m  [1m[34mSELECT "locations".* FROM "locations" ORDER BY "locations"."id" ASC LIMIT $1[0m  [["LIMIT", 1]]
  [1m[36mVacation Load (0.4ms)[0m  [1m[34mSELECT "vacations".* FROM "vacations" ORDER BY "vacations"."id" ASC LIMIT $1[0m  [["LIMIT", 1]]
  [1m[36mVacation Load (0.3ms)[0m  [1m[34mSELECT "vacations".* FROM "vacations" ORDER BY "vacations"."id" ASC LIMIT $1[0m  [["LIMIT", 1]]
  [1m[36mLocation Load (0.2ms)[0m  [1m[34mSELECT "locations".* FROM "locations" WHERE "locations"."id" = $1 LIMIT $2[0m  [["id", 1], ["LIMIT", 1]]
Started GET "/users" for ::1 at 2021-04-20 14:38:50 -0500
  [1m[35m (3.9ms)[0m  [1m[34mSELECT "schema_migrations"."version" FROM "schema_migrations" ORDER BY "schema_migrations"."version" ASC[0m
Processing by UsersController#index as HTML
  [1m[36mUser Load (4.3ms)[0m  [1m[34mSELECT "users".* FROM "users"[0m
  ↳ app/controllers/users_controller.rb:4:in `index'
Completed 200 OK in 117ms (Views: 5.6ms | ActiveRecord: 42.7ms | Allocations: 9175)


Started GET "/favicon.ico" for ::1 at 2021-04-20 14:38:51 -0500
  
ActionController::RoutingError (No route matches [GET] "/favicon.ico"):
  
Started GET "/users" for ::1 at 2021-04-20 15:51:20 -0500
  [1m[35m (5.7ms)[0m  [1m[34mSELECT "schema_migrations"."version" FROM "schema_migrations" ORDER BY "schema_migrations"."version" ASC[0m
Processing by UsersController#index as */*
  [1m[36mUser Load (13.5ms)[0m  [1m[34mSELECT "users".* FROM "users"[0m
  ↳ app/controllers/users_controller.rb:4:in `index'
Completed 200 OK in 72ms (Views: 7.6ms | ActiveRecord: 13.5ms | Allocations: 4771)


Started GET "/users" for ::1 at 2021-04-20 16:03:48 -0500
  [1m[35m (0.8ms)[0m  [1m[34mSELECT "schema_migrations"."version" FROM "schema_migrations" ORDER BY "schema_migrations"."version" ASC[0m
Processing by UsersController#index as HTML
  [1m[36mUser Load (0.5ms)[0m  [1m[34mSELECT "users".* FROM "users"[0m
  ↳ app/controllers/users_controller.rb:4:in `index'
Completed 200 OK in 40ms (Views: 5.6ms | ActiveRecord: 13.9ms | Allocations: 8083)


Started OPTIONS "/users" for ::1 at 2021-04-20 16:06:09 -0500
  
ActionController::RoutingError (No route matches [OPTIONS] "/users"):
  
Started GET "/users" for ::1 at 2021-04-20 16:06:17 -0500
Processing by UsersController#index as HTML
  [1m[36mUser Load (0.2ms)[0m  [1m[34mSELECT "users".* FROM "users"[0m
  ↳ app/controllers/users_controller.rb:4:in `index'
Completed 200 OK in 3ms (Views: 2.2ms | ActiveRecord: 0.2ms | Allocations: 798)


Started OPTIONS "/users" for ::1 at 2021-04-20 16:44:16 -0500
  
ActionController::RoutingError (No route matches [OPTIONS] "/users"):
  
Started GET "/users" for ::1 at 2021-04-20 16:44:19 -0500
Processing by UsersController#index as HTML
  [1m[36mUser Load (1.0ms)[0m  [1m[34mSELECT "users".* FROM "users"[0m
  ↳ app/controllers/users_controller.rb:4:in `index'
Completed 200 OK in 21ms (Views: 19.4ms | ActiveRecord: 7.6ms | Allocations: 2792)


Started GET "/users" for ::1 at 2021-04-20 16:45:18 -0500
Processing by UsersController#index as HTML
  [1m[36mUser Load (0.2ms)[0m  [1m[34mSELECT "users".* FROM "users"[0m
  ↳ app/controllers/users_controller.rb:4:in `index'
Completed 200 OK in 3ms (Views: 2.2ms | ActiveRecord: 0.2ms | Allocations: 797)


Started GET "/users" for ::1 at 2021-04-20 16:45:33 -0500
Processing by UsersController#index as */*
  [1m[36mUser Load (0.2ms)[0m  [1m[34mSELECT "users".* FROM "users"[0m
  ↳ app/controllers/users_controller.rb:4:in `index'
Completed 200 OK in 2ms (Views: 1.6ms | ActiveRecord: 0.2ms | Allocations: 784)


Started GET "/users/1" for ::1 at 2021-04-20 16:45:37 -0500
Processing by UsersController#show as */*
  Parameters: {"id"=>"1"}
  [1m[36mUser Load (0.3ms)[0m  [1m[34mSELECT "users".* FROM "users" WHERE "users"."id" = $1 LIMIT $2[0m  [["id", 1], ["LIMIT", 1]]
  ↳ app/controllers/users_controller.rb:8:in `show'
Completed 200 OK in 44ms (Views: 0.8ms | ActiveRecord: 0.5ms | Allocations: 2383)


Started GET "/users/3" for ::1 at 2021-04-20 16:45:41 -0500
Processing by UsersController#show as */*
  Parameters: {"id"=>"3"}
  [1m[36mUser Load (0.3ms)[0m  [1m[34mSELECT "users".* FROM "users" WHERE "users"."id" = $1 LIMIT $2[0m  [["id", 3], ["LIMIT", 1]]
  ↳ app/controllers/users_controller.rb:8:in `show'
Completed 404 Not Found in 3ms (ActiveRecord: 0.3ms | Allocations: 514)


  
ActiveRecord::RecordNotFound (Couldn't find User with 'id'=3):
  
app/controllers/users_controller.rb:8:in `show'
Started GET "/users/1" for ::1 at 2021-04-20 16:45:50 -0500
Processing by UsersController#show as */*
  Parameters: {"id"=>"1"}
  [1m[36mUser Load (0.2ms)[0m  [1m[34mSELECT "users".* FROM "users" WHERE "users"."id" = $1 LIMIT $2[0m  [["id", 1], ["LIMIT", 1]]
  ↳ app/controllers/users_controller.rb:8:in `show'
Completed 200 OK in 3ms (Views: 0.5ms | ActiveRecord: 0.2ms | Allocations: 597)


Started OPTIONS "/users" for ::1 at 2021-04-20 16:47:10 -0500
  
ActionController::RoutingError (No route matches [OPTIONS] "/users"):
  
Started GET "/users/1" for ::1 at 2021-04-21 10:16:58 -0500
Processing by UsersController#show as */*
  Parameters: {"id"=>"1"}
  [1m[36mUser Load (60.2ms)[0m  [1m[34mSELECT "users".* FROM "users" WHERE "users"."id" = $1 LIMIT $2[0m  [["id", 1], ["LIMIT", 1]]
  ↳ app/controllers/users_controller.rb:8:in `show'
Completed 200 OK in 446ms (Views: 3.4ms | ActiveRecord: 168.8ms | Allocations: 2643)


Started GET "/users/1" for ::1 at 2021-04-21 10:16:59 -0500
Processing by UsersController#show as */*
  Parameters: {"id"=>"1"}
  [1m[36mUser Load (0.4ms)[0m  [1m[34mSELECT "users".* FROM "users" WHERE "users"."id" = $1 LIMIT $2[0m  [["id", 1], ["LIMIT", 1]]
  ↳ app/controllers/users_controller.rb:8:in `show'
Completed 200 OK in 3ms (Views: 0.6ms | ActiveRecord: 0.4ms | Allocations: 579)


Started GET "/users/1" for ::1 at 2021-04-21 10:16:59 -0500
Processing by UsersController#show as */*
  Parameters: {"id"=>"1"}
  [1m[36mUser Load (0.3ms)[0m  [1m[34mSELECT "users".* FROM "users" WHERE "users"."id" = $1 LIMIT $2[0m  [["id", 1], ["LIMIT", 1]]
  ↳ app/controllers/users_controller.rb:8:in `show'
Completed 200 OK in 2ms (Views: 0.3ms | ActiveRecord: 0.3ms | Allocations: 579)


Started GET "/users/1" for ::1 at 2021-04-21 10:16:59 -0500
Processing by UsersController#show as */*
  Parameters: {"id"=>"1"}
  [1m[36mUser Load (0.2ms)[0m  [1m[34mSELECT "users".* FROM "users" WHERE "users"."id" = $1 LIMIT $2[0m  [["id", 1], ["LIMIT", 1]]
  ↳ app/controllers/users_controller.rb:8:in `show'
Completed 200 OK in 4ms (Views: 0.5ms | ActiveRecord: 0.2ms | Allocations: 579)


Started GET "/users" for ::1 at 2021-04-21 10:17:13 -0500
Processing by UsersController#index as HTML
  [1m[36mUser Load (0.2ms)[0m  [1m[34mSELECT "users".* FROM "users"[0m
  ↳ app/controllers/users_controller.rb:4:in `index'
Completed 200 OK in 3ms (Views: 2.8ms | ActiveRecord: 0.2ms | Allocations: 779)


Started GET "/users" for ::1 at 2021-04-21 10:26:04 -0500
Processing by UsersController#index as HTML
  [1m[36mUser Load (0.5ms)[0m  [1m[34mSELECT "users".* FROM "users"[0m
  ↳ app/controllers/users_controller.rb:4:in `index'
Completed 200 OK in 13ms (Views: 12.5ms | ActiveRecord: 5.0ms | Allocations: 2773)


Started GET "/users/1" for ::1 at 2021-04-21 10:26:41 -0500
Processing by UsersController#show as */*
  Parameters: {"id"=>"1"}
  [1m[36mUser Load (0.3ms)[0m  [1m[34mSELECT "users".* FROM "users" WHERE "users"."id" = $1 LIMIT $2[0m  [["id", 1], ["LIMIT", 1]]
  ↳ app/controllers/users_controller.rb:8:in `show'
Completed 200 OK in 6ms (Views: 0.5ms | ActiveRecord: 0.5ms | Allocations: 606)


Started OPTIONS "/users" for ::1 at 2021-04-21 10:26:58 -0500
  
ActionController::RoutingError (No route matches [OPTIONS] "/users"):
  
Started GET "/users/1" for ::1 at 2021-04-21 10:28:15 -0500
Processing by UsersController#show as */*
  Parameters: {"id"=>"1"}
  [1m[36mUser Load (0.2ms)[0m  [1m[34mSELECT "users".* FROM "users" WHERE "users"."id" = $1 LIMIT $2[0m  [["id", 1], ["LIMIT", 1]]
  ↳ app/controllers/users_controller.rb:8:in `show'
Completed 200 OK in 102ms (Views: 0.9ms | ActiveRecord: 71.9ms | Allocations: 4795)


Started OPTIONS "/users" for ::1 at 2021-04-21 10:28:27 -0500
  
ActionController::RoutingError (No route matches [OPTIONS] "/users"):
  
Started GET "/users/1" for ::1 at 2021-04-21 10:30:50 -0500
Processing by UsersController#show as */*
  Parameters: {"id"=>"1"}
  [1m[36mUser Load (0.3ms)[0m  [1m[34mSELECT "users".* FROM "users" WHERE "users"."id" = $1 LIMIT $2[0m  [["id", 1], ["LIMIT", 1]]
  ↳ app/controllers/users_controller.rb:8:in `show'
Completed 200 OK in 16ms (Views: 0.3ms | ActiveRecord: 5.6ms | Allocations: 4722)


Started OPTIONS "/users" for ::1 at 2021-04-21 10:31:03 -0500
  
ActionController::RoutingError (No route matches [OPTIONS] "/users"):
  
Started GET "/users/1" for ::1 at 2021-04-21 10:34:02 -0500
Started GET "/users" for ::1 at 2021-04-21 10:34:02 -0500
  [1m[35m (4.5ms)[0m  [1m[34mSELECT "schema_migrations"."version" FROM "schema_migrations" ORDER BY "schema_migrations"."version" ASC[0m
Processing by UsersController#index as HTML
Processing by UsersController#show as */*
  Parameters: {"id"=>"1"}
  [1m[36mUser Load (0.5ms)[0m  [1m[34mSELECT "users".* FROM "users" WHERE "users"."id" = $1 LIMIT $2[0m  [["id", 1], ["LIMIT", 1]]
  ↳ app/controllers/users_controller.rb:8:in `show'
Completed 200 OK in 17ms (Views: 0.6ms | ActiveRecord: 5.6ms | Allocations: 4559)


  [1m[36mUser Load (1.1ms)[0m  [1m[34mSELECT "users".* FROM "users"[0m
  ↳ app/controllers/users_controller.rb:4:in `index'
Completed 200 OK in 48ms (Views: 13.4ms | ActiveRecord: 9.3ms | Allocations: 11493)


Started POST "/users" for ::1 at 2021-04-21 10:34:12 -0500
Processing by UsersController#create as JSON
  Parameters: {"name"=>"Jake", "age"=>"30", "username"=>"hello", "password"=>"[FILTERED]", "user"=>{"name"=>"Jake", "age"=>"30"}}
  [1m[36mTRANSACTION (0.3ms)[0m  [1m[35mBEGIN[0m
  ↳ (byebug):1:in `create'
Started GET "/users" for ::1 at 2021-04-21 10:34:33 -0500
Processing by UsersController#index as HTML
  [1m[36mUser Create (16.9ms)[0m  [1m[32mINSERT INTO "users" ("name", "age", "created_at", "updated_at") VALUES ($1, $2, $3, $4) RETURNING "id"[0m  [["name", "Jake"], ["age", 30], ["created_at", "2021-04-21 15:34:33.756700"], ["updated_at", "2021-04-21 15:34:33.756700"]]
  ↳ (byebug):1:in `create'
  [1m[36mUser Load (2.2ms)[0m  [1m[34mSELECT "users".* FROM "users"[0m
  ↳ app/controllers/users_controller.rb:4:in `index'
Completed 200 OK in 25ms (Views: 21.0ms | ActiveRecord: 2.2ms | Allocations: 189423)


  [1m[36mTRANSACTION (16.4ms)[0m  [1m[35mCOMMIT[0m
  ↳ (byebug):1:in `create'
Completed 500 Internal Server Error in 152841ms (ActiveRecord: 33.6ms | Allocations: 477242)


  
SystemExit (exit):
  
(byebug):1:in `exit'
(byebug):1:in `create'
app/controllers/users_controller.rb:21:in `create'
Started GET "/users" for ::1 at 2021-04-21 10:36:46 -0500
Processing by UsersController#index as HTML
  [1m[36mUser Load (0.7ms)[0m  [1m[34mSELECT "users".* FROM "users"[0m
  ↳ app/controllers/users_controller.rb:4:in `index'
Completed 200 OK in 45ms (Views: 38.4ms | ActiveRecord: 0.7ms | Allocations: 353453)


